# JRE version: Java(TM) SE Runtime Environment (7.0_55-b13) (build 1.7.0_55-b13)
# Java VM: Java HotSpot(TM) 64-Bit Server VM (24.55-b03 mixed mode windows-amd64 compressed oops)
Heap
 PSYoungGen      total 18944K, used 995K [0x00000000ec480000, 0x00000000f3180000, 0x0000000100000000)
  eden space 18432K, 5% used [0x00000000ec480000,0x00000000ec568ef8,0x00000000ed680000)
  from space 512K, 12% used [0x00000000f3100000,0x00000000f3110000,0x00000000f3180000)
  to   space 512K, 0% used [0x00000000f3080000,0x00000000f3080000,0x00000000f3100000)
 ParOldGen       total 39936K, used 1952K [0x00000000c4e00000, 0x00000000c7500000, 0x00000000ec480000)
  object space 39936K, 4% used [0x00000000c4e00000,0x00000000c4fe8050,0x00000000c7500000)
 PSPermGen       total 21504K, used 8347K [0x00000000bfc00000, 0x00000000c1100000, 0x00000000c4e00000)
  object space 21504K, 38% used [0x00000000bfc00000,0x00000000c0426c58,0x00000000c1100000)
GC Heap History (10 events):
Event: 11.709 GC heap before
{Heap before GC invocations=72 (full 0):
 PSYoungGen      total 18944K, used 18528K [0x00000000ec480000, 0x00000000f3180000, 0x0000000100000000)
  eden space 18432K, 100% used [0x00000000ec480000,0x00000000ed680000,0x00000000ed680000)
  from space 512K, 18% used [0x00000000f3080000,0x00000000f3098000,0x00000000f3100000)
  to   space 512K, 0% used [0x00000000f3100000,0x00000000f3100000,0x00000000f3180000)
 ParOldGen       total 39936K, used 1888K [0x00000000c4e00000, 0x00000000c7500000, 0x00000000ec480000)
  object space 39936K, 4% used [0x00000000c4e00000,0x00000000c4fd8050,0x00000000c7500000)
 PSPermGen       total 21504K, used 8342K [0x00000000bfc00000, 0x00000000c1100000, 0x00000000c4e00000)
  object space 21504K, 38% used [0x00000000bfc00000,0x00000000c0425b18,0x00000000c1100000)
Event: 11.709 GC heap after
Heap after GC invocations=72 (full 0):
 PSYoungGen      total 18944K, used 64K [0x00000000ec480000, 0x00000000f3180000, 0x0000000100000000)
  eden space 18432K, 0% used [0x00000000ec480000,0x00000000ec480000,0x00000000ed680000)
  from space 512K, 12% used [0x00000000f3100000,0x00000000f3110000,0x00000000f3180000)
  to   space 512K, 0% used [0x00000000f3080000,0x00000000f3080000,0x00000000f3100000)
 ParOldGen       total 39936K, used 1904K [0x00000000c4e00000, 0x00000000c7500000, 0x00000000ec480000)
  object space 39936K, 4% used [0x00000000c4e00000,0x00000000c4fdc050,0x00000000c7500000)
 PSPermGen       total 21504K, used 8342K [0x00000000bfc00000, 0x00000000c1100000, 0x00000000c4e00000)
  object space 21504K, 38% used [0x00000000bfc00000,0x00000000c0425b18,0x00000000c1100000)
}
Event: 11.809 GC heap before
{Heap before GC invocations=73 (full 0):
 PSYoungGen      total 18944K, used 18496K [0x00000000ec480000, 0x00000000f3180000, 0x0000000100000000)
  eden space 18432K, 100% used [0x00000000ec480000,0x00000000ed680000,0x00000000ed680000)
  from space 512K, 12% used [0x00000000f3100000,0x00000000f3110000,0x00000000f3180000)
  to   space 512K, 0% used [0x00000000f3080000,0x00000000f3080000,0x00000000f3100000)
 ParOldGen       total 39936K, used 1904K [0x00000000c4e00000, 0x00000000c7500000, 0x00000000ec480000)
  object space 39936K, 4% used [0x00000000c4e00000,0x00000000c4fdc050,0x00000000c7500000)
 PSPermGen       total 21504K, used 8342K [0x00000000bfc00000, 0x00000000c1100000, 0x00000000c4e00000)
  object space 21504K, 38% used [0x00000000bfc00000,0x00000000c0425b18,0x00000000c1100000)
Event: 11.810 GC heap after
Heap after GC invocations=73 (full 0):
 PSYoungGen      total 18944K, used 96K [0x00000000ec480000, 0x00000000f3180000, 0x0000000100000000)
  eden space 18432K, 0% used [0x00000000ec480000,0x00000000ec480000,0x00000000ed680000)
  from space 512K, 18% used [0x00000000f3080000,0x00000000f3098000,0x00000000f3100000)
  to   space 512K, 0% used [0x00000000f3100000,0x00000000f3100000,0x00000000f3180000)
 ParOldGen       total 39936K, used 1904K [0x00000000c4e00000, 0x00000000c7500000, 0x00000000ec480000)
  object space 39936K, 4% used [0x00000000c4e00000,0x00000000c4fdc050,0x00000000c7500000)
 PSPermGen       total 21504K, used 8342K [0x00000000bfc00000, 0x00000000c1100000, 0x00000000c4e00000)
  object space 21504K, 38% used [0x00000000bfc00000,0x00000000c0425b18,0x00000000c1100000)
}
Event: 11.910 GC heap before
{Heap before GC invocations=74 (full 0):
 PSYoungGen      total 18944K, used 18528K [0x00000000ec480000, 0x00000000f3180000, 0x0000000100000000)
  eden space 18432K, 100% used [0x00000000ec480000,0x00000000ed680000,0x00000000ed680000)
  from space 512K, 18% used [0x00000000f3080000,0x00000000f3098000,0x00000000f3100000)
  to   space 512K, 0% used [0x00000000f3100000,0x00000000f3100000,0x00000000f3180000)
 ParOldGen       total 39936K, used 1904K [0x00000000c4e00000, 0x00000000c7500000, 0x00000000ec480000)
  object space 39936K, 4% used [0x00000000c4e00000,0x00000000c4fdc050,0x00000000c7500000)
 PSPermGen       total 21504K, used 8342K [0x00000000bfc00000, 0x00000000c1100000, 0x00000000c4e00000)
  object space 21504K, 38% used [0x00000000bfc00000,0x00000000c0425b18,0x00000000c1100000)
Event: 11.911 GC heap after
Heap after GC invocations=74 (full 0):
 PSYoungGen      total 18944K, used 64K [0x00000000ec480000, 0x00000000f3180000, 0x0000000100000000)
  eden space 18432K, 0% used [0x00000000ec480000,0x00000000ec480000,0x00000000ed680000)
  from space 512K, 12% used [0x00000000f3100000,0x00000000f3110000,0x00000000f3180000)
  to   space 512K, 0% used [0x00000000f3080000,0x00000000f3080000,0x00000000f3100000)
 ParOldGen       total 39936K, used 1928K [0x00000000c4e00000, 0x00000000c7500000, 0x00000000ec480000)
  object space 39936K, 4% used [0x00000000c4e00000,0x00000000c4fe2050,0x00000000c7500000)
 PSPermGen       total 21504K, used 8342K [0x00000000bfc00000, 0x00000000c1100000, 0x00000000c4e00000)
  object space 21504K, 38% used [0x00000000bfc00000,0x00000000c0425b18,0x00000000c1100000)
}
Event: 12.010 GC heap before
{Heap before GC invocations=75 (full 0):
 PSYoungGen      total 18944K, used 18496K [0x00000000ec480000, 0x00000000f3180000, 0x0000000100000000)
  eden space 18432K, 100% used [0x00000000ec480000,0x00000000ed680000,0x00000000ed680000)
  from space 512K, 12% used [0x00000000f3100000,0x00000000f3110000,0x00000000f3180000)
  to   space 512K, 0% used [0x00000000f3080000,0x00000000f3080000,0x00000000f3100000)
 ParOldGen       total 39936K, used 1928K [0x00000000c4e00000, 0x00000000c7500000, 0x00000000ec480000)
  object space 39936K, 4% used [0x00000000c4e00000,0x00000000c4fe2050,0x00000000c7500000)
 PSPermGen       total 21504K, used 8342K [0x00000000bfc00000, 0x00000000c1100000, 0x00000000c4e00000)
  object space 21504K, 38% used [0x00000000bfc00000,0x00000000c0425b18,0x00000000c1100000)
Event: 12.010 GC heap after
Heap after GC invocations=75 (full 0):
 PSYoungGen      total 18944K, used 96K [0x00000000ec480000, 0x00000000f3180000, 0x0000000100000000)
  eden space 18432K, 0% used [0x00000000ec480000,0x00000000ec480000,0x00000000ed680000)
  from space 512K, 18% used [0x00000000f3080000,0x00000000f3098000,0x00000000f3100000)
  to   space 512K, 0% used [0x00000000f3100000,0x00000000f3100000,0x00000000f3180000)
 ParOldGen       total 39936K, used 1928K [0x00000000c4e00000, 0x00000000c7500000, 0x00000000ec480000)
  object space 39936K, 4% used [0x00000000c4e00000,0x00000000c4fe2050,0x00000000c7500000)
 PSPermGen       total 21504K, used 8342K [0x00000000bfc00000, 0x00000000c1100000, 0x00000000c4e00000)
  object space 21504K, 38% used [0x00000000bfc00000,0x00000000c0425b18,0x00000000c1100000)
}
Event: 12.110 GC heap before
{Heap before GC invocations=76 (full 0):
 PSYoungGen      total 18944K, used 18528K [0x00000000ec480000, 0x00000000f3180000, 0x0000000100000000)
  eden space 18432K, 100% used [0x00000000ec480000,0x00000000ed680000,0x00000000ed680000)
  from space 512K, 18% used [0x00000000f3080000,0x00000000f3098000,0x00000000f3100000)
  to   space 512K, 0% used [0x00000000f3100000,0x00000000f3100000,0x00000000f3180000)
 ParOldGen       total 39936K, used 1928K [0x00000000c4e00000, 0x00000000c7500000, 0x00000000ec480000)
  object space 39936K, 4% used [0x00000000c4e00000,0x00000000c4fe2050,0x00000000c7500000)
 PSPermGen       total 21504K, used 8342K [0x00000000bfc00000, 0x00000000c1100000, 0x00000000c4e00000)
  object space 21504K, 38% used [0x00000000bfc00000,0x00000000c0425b18,0x00000000c1100000)
Event: 12.110 GC heap after
Heap after GC invocations=76 (full 0):
 PSYoungGen      total 18944K, used 64K [0x00000000ec480000, 0x00000000f3180000, 0x0000000100000000)
  eden space 18432K, 0% used [0x00000000ec480000,0x00000000ec480000,0x00000000ed680000)
  from space 512K, 12% used [0x00000000f3100000,0x00000000f3110000,0x00000000f3180000)
  to   space 512K, 0% used [0x00000000f3080000,0x00000000f3080000,0x00000000f3100000)
 ParOldGen       total 39936K, used 1952K [0x00000000c4e00000, 0x00000000c7500000, 0x00000000ec480000)
  object space 39936K, 4% used [0x00000000c4e00000,0x00000000c4fe8050,0x00000000c7500000)
 PSPermGen       total 21504K, used 8342K [0x00000000bfc00000, 0x00000000c1100000, 0x00000000c4e00000)
  object space 21504K, 38% used [0x00000000bfc00000,0x00000000c0425b18,0x00000000c1100000)
}

